<?xml version="1.0" encoding="UTF-8"?>
<!-- Generated by org.testng.reporters.JUnitReportReporter -->
<testsuite skipped="0" hostname="LAPTOP-D2GVCL39" name="annotations.AnnotationsClass" tests="2" failures="0" timestamp="2022-09-28T09:02:12 IST" time="0.008" errors="0">
  <testcase name="verifyUserCanLoginWithValidCredentials" time="0.005" classname="annotations.AnnotationsClass"/>
  <system-out/>
  <testcase name="verifyUserCanNotLoginWithInvalidUserNameAndValidPassword" time="0.003" classname="annotations.AnnotationsClass"/>
  <system-out/>
</testsuite> <!-- annotations.AnnotationsClass -->
