<?xml version="1.0" encoding="UTF-8"?>
<!-- Generated by org.testng.reporters.JUnitReportReporter -->
<testsuite skipped="1" hostname="LAPTOP-D2GVCL39" name="dataprovider.DataProviderAnnotationClass" tests="3" failures="0" timestamp="2022-10-02T08:34:47 IST" time="21.007" errors="0">
  <testcase name="verifyUserCanLoginToSystemWithDeffenertUserRoles" time="16.866" classname="dataprovider.DataProviderAnnotationClass"/>
  <system-out/>
  <testcase name="verifyUserCanLoginToSystemWithDeffenertUserRoles" time="4.141" classname="dataprovider.DataProviderAnnotationClass"/>
  <system-out/>
  <testcase name="addNerUserInSystem" classname="dataprovider.DataProviderAnnotationClass">
    <skipped/>
  </testcase> <!-- addNerUserInSystem -->
  <system-out/>
</testsuite> <!-- dataprovider.DataProviderAnnotationClass -->
