<?xml version="1.0" encoding="UTF-8"?>
<!-- Generated by org.testng.reporters.JUnitReportReporter -->
<testsuite skipped="0" hostname="LAPTOP-D2GVCL39" name="dataprovider.DataProviderAnnotationClass2" tests="2" failures="0" timestamp="2022-10-02T08:49:55 IST" time="3.271" errors="0">
  <testcase name="verifyNewUserCanBeAddedInSystem" time="1.917" classname="dataprovider.DataProviderAnnotationClass2"/>
  <system-out/>
  <testcase name="verifyNewUserCanBeAddedInSystem" time="1.354" classname="dataprovider.DataProviderAnnotationClass2"/>
  <system-out/>
</testsuite> <!-- dataprovider.DataProviderAnnotationClass2 -->
