<?xml version="1.0" encoding="UTF-8"?>
<!-- Generated by org.testng.reporters.JUnitReportReporter -->
<testsuite skipped="0" hostname="LAPTOP-D2GVCL39" name="ktctc.FirstMavenProject.FirstSeleniumClass" tests="1" failures="0" timestamp="2022-10-01T09:25:22 IST" time="0.000" errors="0">
  <testcase name="sample" time="0.000" classname="ktctc.FirstMavenProject.FirstSeleniumClass"/>
  <system-out/>
</testsuite> <!-- ktctc.FirstMavenProject.FirstSeleniumClass -->
