<?xml version="1.0" encoding="UTF-8"?>
<!-- Generated by org.testng.reporters.JUnitReportReporter -->
<testsuite skipped="0" hostname="LAPTOP-D2GVCL39" name="priority.PriorityClass2" tests="3" failures="0" timestamp="2022-10-01T11:18:50 IST" time="0.031" errors="0">
  <testcase name="verifyUserCanLoginWithValidCredentials" time="0.000" classname="priority.PriorityClass2"/>
  <system-out/>
  <testcase name="verifyUserCanSendEmail" time="0.015" classname="priority.PriorityClass2"/>
  <system-out/>
  <testcase name="verifyUserCanNotLoginWithInvalidUserNameAndValidPassword" time="0.016" classname="priority.PriorityClass2"/>
  <system-out/>
</testsuite> <!-- priority.PriorityClass2 -->
