<?xml version="1.0" encoding="UTF-8"?>
<!-- Generated by org.testng.reporters.JUnitReportReporter -->
<testsuite skipped="0" hostname="LAPTOP-D2GVCL39" name="annotations.AnnotationsClass2" tests="2" failures="0" timestamp="2022-10-01T09:25:22 IST" time="0.016" errors="0">
  <testcase name="verifyUserCanCheckOutAfterProductAddedInCart" time="0.000" classname="annotations.AnnotationsClass2"/>
  <system-out/>
  <testcase name="verifyProductCanBeAddedInCart" time="0.016" classname="annotations.AnnotationsClass2"/>
  <system-out/>
</testsuite> <!-- annotations.AnnotationsClass2 -->
