<?xml version="1.0" encoding="UTF-8"?>
<!-- Generated by org.testng.reporters.JUnitReportReporter -->
<testsuite skipped="0" hostname="LAPTOP-D2GVCL39" name="screencapture.CaptureClass" tests="1" failures="0" timestamp="2022-10-02T09:20:42 IST" time="10.065" errors="0">
  <testcase name="captureScreen" time="10.065" classname="screencapture.CaptureClass"/>
  <system-out/>
</testsuite> <!-- screencapture.CaptureClass -->
